[20:33:36] [main/INFO] (FabricLoader/GameProvider) Loading Minecraft 1.20.1 with Fabric Loader 0.15.11
[20:33:36] [ForkJoinPool-1-worker-6/WARN] (FabricLoader/Metadata) Mod wurst uses the version v7.46.1-MC1.20.1 which isn't compatible with Loader's extended semantic version format (Could not parse version number component 'v7'!), SemVer is recommended for reliably evaluating dependencies and prioritizing newer version
[20:33:36] [main/INFO] (FabricLoader) Loading 61 mods:
	- cml 1.0
	- fabric-api 0.92.3+1.20.1
	- fabric-api-base 0.4.31+1802ada577
	- fabric-api-lookup-api-v1 1.6.36+1802ada577
	- fabric-biome-api-v1 13.0.13+1802ada577
	- fabric-block-api-v1 1.0.11+1802ada577
	- fabric-block-view-api-v2 1.0.1+1802ada577
	- fabric-blockrenderlayer-v1 1.1.41+1802ada577
	- fabric-client-tags-api-v1 1.1.2+1802ada577
	- fabric-command-api-v1 1.2.34+f71b366f77
	- fabric-command-api-v2 2.2.13+1802ada577
	- fabric-commands-v0 0.2.51+df3654b377
	- fabric-containers-v0 0.1.65+df3654b377
	- fabric-content-registries-v0 4.0.12+1802ada577
	- fabric-convention-tags-v1 1.5.5+1802ada577
	- fabric-crash-report-info-v1 0.2.19+1802ada577
	- fabric-data-attachment-api-v1 1.0.1+de0fd6d177
	- fabric-data-generation-api-v1 12.3.5+1802ada577
	- fabric-dimensions-v1 2.1.54+1802ada577
	- fabric-entity-events-v1 1.6.0+1c78457f77
	- fabric-events-interaction-v0 0.6.3+13a40c6677
	- fabric-events-lifecycle-v0 0.2.63+df3654b377
	- fabric-game-rule-api-v1 1.0.40+1802ada577
	- fabric-gametest-api-v1 1.2.14+1802ada577
	- fabric-item-api-v1 2.1.28+1802ada577
	- fabric-item-group-api-v1 4.0.13+1802ada577
	- fabric-key-binding-api-v1 1.0.37+1802ada577
	- fabric-keybindings-v0 0.2.35+df3654b377
	- fabric-lifecycle-events-v1 2.2.22+1802ada577
	- fabric-loot-api-v2 1.2.2+1802ada577
	- fabric-loot-tables-v1 1.1.46+9e7660c677
	- fabric-message-api-v1 5.1.9+1802ada577
	- fabric-mining-level-api-v1 2.1.51+1802ada577
	- fabric-model-loading-api-v1 1.0.3+1802ada577
	- fabric-models-v0 0.4.2+9386d8a777
	- fabric-networking-api-v1 1.3.12+13a40c6677
	- fabric-networking-v0 0.3.52+df3654b377
	- fabric-object-builder-api-v1 11.1.4+1802ada577
	- fabric-particles-v1 1.1.2+1802ada577
	- fabric-recipe-api-v1 1.0.22+1802ada577
	- fabric-registry-sync-v0 2.3.4+1802ada577
	- fabric-renderer-api-v1 3.2.1+1802ada577
	- fabric-renderer-indigo 1.5.2+85287f9f77
	- fabric-renderer-registries-v1 3.2.46+df3654b377
	- fabric-rendering-data-attachment-v1 0.3.37+92a0d36777
	- fabric-rendering-fluids-v1 3.0.28+1802ada577
	- fabric-rendering-v0 1.1.49+df3654b377
	- fabric-rendering-v1 3.0.8+1802ada577
	- fabric-resource-conditions-api-v1 2.3.8+1802ada577
	- fabric-resource-loader-v0 0.11.11+fb82e9d777
	- fabric-screen-api-v1 2.0.8+1802ada577
	- fabric-screen-handler-api-v1 1.3.31+1802ada577
	- fabric-sound-api-v1 1.0.13+1802ada577
	- fabric-transfer-api-v1 3.3.5+8dd72ea377
	- fabric-transitive-access-wideners-v1 4.3.1+1802ada577
	- fabricloader 0.15.11
	- java 21
	- minecraft 1.20.1
	- mixinextras 0.3.5
	- modmenu 7.2.2
	- wurst v7.46.1-MC1.20.1
[20:33:41] [main/INFO] (FabricLoader/Mixin) SpongePowered MIXIN Subsystem Version=0.8.5 Source=file:/E:/.gradle/caches/modules-2/files-2.1/net.fabricmc/sponge-mixin/0.13.3+mixin.0.8.5/9527e6b0d2449408958fd1302594dc65ec5ade9c/sponge-mixin-0.13.3+mixin.0.8.5.jar Service=Knot/Fabric Env=CLIENT
[20:33:41] [main/INFO] (FabricLoader/Mixin) Loaded Fabric development mappings for mixin remapper!
[20:33:41] [main/INFO] (FabricLoader/Mixin) Compatibility level set to JAVA_17
[20:33:42] [main/WARN] (FabricLoader/Mixin) Error loading class: me/jellysquid/mods/sodium/client/render/chunk/compile/pipeline/BlockOcclusionCache (java.lang.ClassNotFoundException: me/jellysquid/mods/sodium/client/render/chunk/compile/pipeline/BlockOcclusionCache)
[20:33:42] [main/WARN] (FabricLoader/Mixin) Error loading class: me/jellysquid/mods/sodium/client/render/occlusion/BlockOcclusionCache (java.lang.ClassNotFoundException: me/jellysquid/mods/sodium/client/render/occlusion/BlockOcclusionCache)
[20:33:42] [main/WARN] (FabricLoader/Mixin) Error loading class: me/jellysquid/mods/sodium/client/render/chunk/compile/pipeline/FluidRenderer (java.lang.ClassNotFoundException: me/jellysquid/mods/sodium/client/render/chunk/compile/pipeline/FluidRenderer)
[20:33:42] [main/WARN] (FabricLoader/Mixin) Error loading class: me/jellysquid/mods/sodium/client/render/pipeline/FluidRenderer (java.lang.ClassNotFoundException: me/jellysquid/mods/sodium/client/render/pipeline/FluidRenderer)
[20:33:42] [main/INFO] (CustomModList) Custom Mod List mod loaded.
[20:33:42] [main/INFO] (CustomModList) Added a fake mod: InertiaAntiCheat
[20:33:42] [main/INFO] (CustomModList) Removed a mod in the mod list: wurst
[20:33:42] [main/INFO] (CustomModList) Removed a mod in the mod list: meteor
[20:33:42] [main/INFO] (CustomModList) Removed a mod in the mod list: cml
[20:33:43] [main/INFO] (FabricLoader/MixinExtras|Service) Initializing MixinExtras via com.llamalad7.mixinextras.service.MixinExtrasServiceImpl(version=0.3.5).
[20:33:50] [Datafixer Bootstrap/INFO] (Minecraft) 188 Datafixer optimizations took 379 milliseconds
[20:33:53] [Render thread/INFO] (Minecraft) [STDERR]: [LWJGL] [ThreadLocalUtil] Unsupported JNI version detected, this may result in a crash. Please inform LWJGL developers.
[20:33:54] [Render thread/INFO] (Minecraft) Environment: authHost='https://authserver.mojang.com', accountsHost='https://api.mojang.com', sessionHost='https://sessionserver.mojang.com', servicesHost='https://api.minecraftservices.com', name='PROD'
[20:33:55] [Render thread/ERROR] (Minecraft) Failed to verify authentication
com.mojang.authlib.exceptions.InvalidCredentialsException: Status: 401
	at com.mojang.authlib.exceptions.MinecraftClientHttpException.toAuthenticationException(MinecraftClientHttpException.java:56) ~[authlib-4.0.43.jar:?]
	at com.mojang.authlib.yggdrasil.YggdrasilUserApiService.fetchProperties(YggdrasilUserApiService.java:156) ~[authlib-4.0.43.jar:?]
	at com.mojang.authlib.yggdrasil.YggdrasilUserApiService.<init>(YggdrasilUserApiService.java:55) ~[authlib-4.0.43.jar:?]
	at com.mojang.authlib.yggdrasil.YggdrasilAuthenticationService.createUserApiService(YggdrasilAuthenticationService.java:124) ~[authlib-4.0.43.jar:?]
	at net.minecraft.client.MinecraftClient.createUserApiService(MinecraftClient.java:733) ~[minecraft-merged-7787b014d4-1.20.1-net.fabricmc.yarn.1_20_1.1.20.1+build.10-v2.jar:?]
	at net.minecraft.client.MinecraftClient.<init>(MinecraftClient.java:442) ~[minecraft-merged-7787b014d4-1.20.1-net.fabricmc.yarn.1_20_1.1.20.1+build.10-v2.jar:?]
	at net.minecraft.client.main.Main.main(Main.java:211) ~[minecraft-merged-7787b014d4-1.20.1-net.fabricmc.yarn.1_20_1.1.20.1+build.10-v2.jar:?]
	at net.fabricmc.loader.impl.game.minecraft.MinecraftGameProvider.launch(MinecraftGameProvider.java:470) ~[fabric-loader-0.15.11.jar:?]
	at net.fabricmc.loader.impl.launch.knot.Knot.launch(Knot.java:74) ~[fabric-loader-0.15.11.jar:?]
	at net.fabricmc.loader.impl.launch.knot.KnotClient.main(KnotClient.java:23) ~[fabric-loader-0.15.11.jar:?]
	at net.fabricmc.devlaunchinjector.Main.main(Main.java:86) ~[dev-launch-injector-0.2.1+build.8.jar:?]
Caused by: com.mojang.authlib.exceptions.MinecraftClientHttpException: Status: 401
	at com.mojang.authlib.minecraft.client.MinecraftClient.readInputStream(MinecraftClient.java:85) ~[authlib-4.0.43.jar:?]
	at com.mojang.authlib.minecraft.client.MinecraftClient.get(MinecraftClient.java:48) ~[authlib-4.0.43.jar:?]
	at com.mojang.authlib.yggdrasil.YggdrasilUserApiService.fetchProperties(YggdrasilUserApiService.java:129) ~[authlib-4.0.43.jar:?]
	... 9 more
[20:33:55] [Render thread/INFO] (Minecraft) Setting user: Player377
[20:33:55] [Render thread/INFO] (Minecraft) [STDOUT]: Starting Wurst Client...
[20:33:56] [Render thread/INFO] (Indigo) [Indigo] Registering Indigo renderer!
[20:33:56] [Worker-Main-1/INFO] (Mod Menu/Update Checker) Checking mod updates...
[20:33:57] [Render thread/INFO] (Minecraft) Backend library: LWJGL version 3.3.2-snapshot
[20:33:59] [Render thread/INFO] (Minecraft) Reloading ResourceManager: vanilla, fabric (fabric-rendering-data-attachment-v1, fabric-lifecycle-events-v1, fabric-rendering-v1, fabric-item-api-v1, fabric-transitive-access-wideners-v1, fabric-registry-sync-v0, fabric-mining-level-api-v1, fabric-api, fabric-sound-api-v1, fabric-dimensions-v1, fabric-block-api-v1, fabric-networking-v0, fabric-commands-v0, fabric-blockrenderlayer-v1, fabric-renderer-indigo, fabric-client-tags-api-v1, fabric-crash-report-info-v1, fabric-models-v0, fabric-events-interaction-v0, fabric-resource-loader-v0, fabric-renderer-api-v1, modmenu, fabric-biome-api-v1, fabric-gametest-api-v1, fabric-screen-handler-api-v1, fabric-item-group-api-v1, fabric-resource-conditions-api-v1, fabric-api-base, fabric-renderer-registries-v1, fabric-rendering-v0, fabric-particles-v1, fabric-game-rule-api-v1, fabric-transfer-api-v1, fabric-message-api-v1, fabric-command-api-v1, fabric-recipe-api-v1, fabric-command-api-v2, fabric-containers-v0, fabric-object-builder-api-v1, fabric-entity-events-v1, fabric-data-generation-api-v1, fabric-model-loading-api-v1, fabric-api-lookup-api-v1, fabric-content-registries-v0, fabricloader, fabric-loot-tables-v1, fabric-key-binding-api-v1, fabric-data-attachment-api-v1, fabric-block-view-api-v2, fabric-loot-api-v2, fabric-events-lifecycle-v0, fabric-convention-tags-v1, fabric-networking-api-v1, fabric-keybindings-v0, fabric-screen-api-v1, fabric-rendering-fluids-v1)
[20:33:59] [Worker-Main-6/INFO] (Minecraft) Found unifont_all_no_pua-15.0.06.hex, loading
[20:34:00] [Realms Notification Availability checker #1/INFO] (Minecraft) Could not authorize you against Realms server: Invalid session id
[20:34:01] [Render thread/WARN] (Minecraft) Missing sound for event: minecraft:item.goat_horn.play
[20:34:01] [Render thread/WARN] (Minecraft) Missing sound for event: minecraft:entity.goat.screaming.horn_break
[20:34:01] [Render thread/INFO] (Minecraft) OpenAL initialized on device OpenAL Soft on ÑïÉùÆ÷ (Realtek High Definition Audio)
[20:34:01] [Render thread/INFO] (Minecraft) Sound engine started
[20:34:01] [Render thread/INFO] (Minecraft) Created: 1024x512x4 minecraft:textures/atlas/blocks.png-atlas
[20:34:02] [Render thread/INFO] (Minecraft) Created: 256x256x4 minecraft:textures/atlas/signs.png-atlas
[20:34:02] [Render thread/INFO] (Minecraft) Created: 512x512x4 minecraft:textures/atlas/shield_patterns.png-atlas
[20:34:02] [Render thread/INFO] (Minecraft) Created: 512x512x4 minecraft:textures/atlas/banner_patterns.png-atlas
[20:34:02] [Render thread/INFO] (Minecraft) Created: 1024x1024x4 minecraft:textures/atlas/armor_trims.png-atlas
[20:34:03] [Render thread/INFO] (Minecraft) Created: 128x64x4 minecraft:textures/atlas/decorated_pot.png-atlas
[20:34:03] [Render thread/INFO] (Minecraft) Created: 256x256x4 minecraft:textures/atlas/chest.png-atlas
[20:34:03] [Render thread/INFO] (Minecraft) Created: 512x256x4 minecraft:textures/atlas/shulker_boxes.png-atlas
[20:34:03] [Render thread/INFO] (Minecraft) Created: 512x256x4 minecraft:textures/atlas/beds.png-atlas
[20:34:04] [Render thread/WARN] (Minecraft) Shader rendertype_entity_translucent_emissive could not find sampler named Sampler2 in the specified shader program.
[20:34:05] [Render thread/INFO] (Minecraft) Created: 256x256x0 minecraft:textures/atlas/particles.png-atlas
[20:34:05] [Render thread/INFO] (Minecraft) Created: 256x256x0 minecraft:textures/atlas/paintings.png-atlas
[20:34:05] [Render thread/INFO] (Minecraft) Created: 128x128x0 minecraft:textures/atlas/mob_effects.png-atlas
[20:34:08] [Render thread/WARN] (Mod Menu | FabricMod) Warning! Mod inertiaanticheat has a broken icon, loading default icon
[20:34:13] [Render thread/INFO] (Minecraft) [System] [CHAT] Saved screenshot as 2025-01-15_20.34.13.png
[20:34:17] [Render thread/INFO] (Minecraft) Stopping!
